<?xml version="1.0" encoding="UTF-8"?>
<testng-results ignored="0" total="1" passed="1" failed="0" skipped="0">
  <reporter-output>
  </reporter-output>
  <suite started-at="2022-06-07T21:27:10 MSK" name="All Test Suite" finished-at="2022-06-07T21:27:57 MSK" duration-ms="47009">
    <groups>
      <group name="cucumber">
        <method signature="AbstractTestNGCucumberTests.runScenario(io.cucumber.testng.PickleWrapper,io.cucumber.testng.FeatureWrapper)[pri:0, instance:onliner.runners.TestRunner@619713e5]" name="runScenario" class="io.cucumber.testng.AbstractTestNGCucumberTests"/>
      </group> <!-- cucumber -->
    </groups>
    <test started-at="2022-06-07T21:27:10 MSK" name="OnlinerCucumber" finished-at="2022-06-07T21:27:57 MSK" duration-ms="47009">
      <class name="onliner.runners.TestRunner">
        <test-method is-config="true" signature="setUpClass(org.testng.ITestContext)[pri:0, instance:onliner.runners.TestRunner@619713e5]" started-at="2022-06-07T21:27:10 MSK" name="setUpClass" finished-at="2022-06-07T21:27:11 MSK" duration-ms="895" status="PASS">
          <params>
            <param index="0">
              <value>
                <![CDATA[org.testng.TestRunner@39da5e49]]>
              </value>
            </param>
          </params>
          <reporter-output>
          </reporter-output>
        </test-method> <!-- setUpClass -->
        <test-method signature="runScenario(io.cucumber.testng.PickleWrapper,io.cucumber.testng.FeatureWrapper)[pri:0, instance:onliner.runners.TestRunner@619713e5]" started-at="2022-06-07T21:27:11 MSK" name="runScenario" description="Runs Cucumber Scenarios" data-provider="scenarios" finished-at="2022-06-07T21:27:56 MSK" duration-ms="44989" status="PASS">
          <params>
            <param index="0">
              <value>
                <![CDATA["Check several filters"]]>
              </value>
            </param>
            <param index="1">
              <value>
                <![CDATA["Optional[Onliner product search]"]]>
              </value>
            </param>
          </params>
          <reporter-output>
          </reporter-output>
        </test-method> <!-- runScenario -->
        <test-method is-config="true" signature="tearDownClass()[pri:0, instance:onliner.runners.TestRunner@619713e5]" started-at="2022-06-07T21:27:56 MSK" name="tearDownClass" finished-at="2022-06-07T21:27:57 MSK" duration-ms="1104" status="PASS">
          <reporter-output>
          </reporter-output>
        </test-method> <!-- tearDownClass -->
      </class> <!-- onliner.runners.TestRunner -->
    </test> <!-- OnlinerCucumber -->
  </suite> <!-- All Test Suite -->
</testng-results>
